<?xml version="1.0" encoding="UTF-8"?>
<!-- Generated by org.testng.reporters.JUnitReportReporter -->
<testsuite hostname="sandipbi" name="com.cybage.test.TestngExample" tests="2" failures="0" timestamp="7 Nov 2016 09:22:35 GMT" time="0.000" errors="0">
  <testcase name="exampleOfTestNgMaven2" time="0.000" classname="com.cybage.test.TestngExample"/>
  <testcase name="exampleOfTestNgMaven1" time="0.000" classname="com.cybage.test.TestngExample"/>
</testsuite> <!-- com.cybage.test.TestngExample -->
