<?xml version="1.0" encoding="UTF-8"?>
<!-- Generated by org.testng.reporters.JUnitReportReporter -->
<testsuite hostname="sandipbi" name="com.cybage.test.TestCode" tests="2" failures="0" timestamp="17 Nov 2016 07:05:51 GMT" time="0.000" errors="0">
  <testcase name="exampleOfTestNgMaven2" time="0.000" classname="com.cybage.test.TestCode"/>
  <testcase name="exampleOfTestNgMaven1" time="0.000" classname="com.cybage.test.TestCode"/>
</testsuite> <!-- com.cybage.test.TestCode -->
